{"D:\\Sakthivel S\\Documents\\React-Projects\\Job-Assessment\\Game\\src\\api\\game.api.js": {"path":"D:\\Sakthivel S\\Documents\\React-Projects\\Job-Assessment\\Game\\src\\api\\game.api.js","statementMap":{},"fnMap":{},"branchMap":{},"s":{},"f":{},"b":{}}
,"D:\\Sakthivel S\\Documents\\React-Projects\\Job-Assessment\\Game\\src\\server\\server.js": {"path":"D:\\Sakthivel S\\Documents\\React-Projects\\Job-Assessment\\Game\\src\\server\\server.js","statementMap":{"0":{"start":{"line":5,"column":17},"end":{"line":5,"column":20}},"1":{"start":{"line":7,"column":12},"end":{"line":7,"column":21}},"2":{"start":{"line":8,"column":13},"end":{"line":8,"column":17}},"3":{"start":{"line":10,"column":13},"end":{"line":16,"column":2}},"4":{"start":{"line":18,"column":0},"end":{"line":23,"column":3}},"5":{"start":{"line":24,"column":0},"end":{"line":24,"column":16}},"6":{"start":{"line":26,"column":0},"end":{"line":34,"column":3}},"7":{"start":{"line":27,"column":4},"end":{"line":33,"column":5}},"8":{"start":{"line":28,"column":25},"end":{"line":28,"column":71}},"9":{"start":{"line":29,"column":8},"end":{"line":29,"column":23}},"10":{"start":{"line":31,"column":8},"end":{"line":31,"column":61}},"11":{"start":{"line":32,"column":8},"end":{"line":32,"column":65}},"12":{"start":{"line":36,"column":0},"end":{"line":44,"column":3}},"13":{"start":{"line":37,"column":4},"end":{"line":43,"column":5}},"14":{"start":{"line":38,"column":90},"end":{"line":38,"column":98}},"15":{"start":{"line":39,"column":8},"end":{"line":39,"column":223}},"16":{"start":{"line":41,"column":8},"end":{"line":41,"column":41}},"17":{"start":{"line":42,"column":8},"end":{"line":42,"column":65}},"18":{"start":{"line":46,"column":0},"end":{"line":48,"column":3}},"19":{"start":{"line":47,"column":4},"end":{"line":47,"column":53}}},"fnMap":{"0":{"name":"(anonymous_0)","decl":{"start":{"line":26,"column":33},"end":{"line":26,"column":34}},"loc":{"start":{"line":26,"column":53},"end":{"line":34,"column":1}},"line":26},"1":{"name":"(anonymous_1)","decl":{"start":{"line":36,"column":35},"end":{"line":36,"column":36}},"loc":{"start":{"line":36,"column":55},"end":{"line":44,"column":1}},"line":36},"2":{"name":"(anonymous_2)","decl":{"start":{"line":46,"column":17},"end":{"line":46,"column":18}},"loc":{"start":{"line":46,"column":23},"end":{"line":48,"column":1}},"line":46}},"branchMap":{},"s":{"0":0,"1":0,"2":0,"3":0,"4":0,"5":0,"6":0,"7":0,"8":0,"9":0,"10":0,"11":0,"12":0,"13":0,"14":0,"15":0,"16":0,"17":0,"18":0,"19":0},"f":{"0":0,"1":0,"2":0},"b":{}}
}
